
******************************************************************************
This program contains Ipopt, a library for large-scale nonlinear optimization.
 Ipopt is released as open source code under the Eclipse Public License (EPL).
         For more information visit http://projects.coin-or.org/Ipopt
******************************************************************************

This is Ipopt version 3.12.8, running with linear solver mumps.
NOTE: Other linear solvers might be more efficient (see Ipopt documentation).

Number of nonzeros in equality constraint Jacobian...:     5603
Number of nonzeros in inequality constraint Jacobian.:        0
Number of nonzeros in Lagrangian Hessian.............:     6403

Total number of variables............................:     1103
                     variables with only lower bounds:      303
                variables with lower and upper bounds:      200
                     variables with only upper bounds:        0
Total number of equality constraints.................:      903
Total number of inequality constraints...............:        0
        inequality constraints with only lower bounds:        0
   inequality constraints with lower and upper bounds:        0
        inequality constraints with only upper bounds:        0

iter    objective    inf_pr   inf_du lg(mu)  ||d||  lg(rg) alpha_du alpha_pr  ls
   0 9.9999900e-003 2.04e-001 9.79e-001   0.0 0.00e+000    -  0.00e+000 0.00e+000   0
   1 9.7540620e-004 4.46e-001 1.18e+001   1.1 2.24e+002    -  1.13e-003 1.06e-002f  1
   2 1.0895629e-001 5.65e+000 4.00e+001   0.9 1.30e+002    -  8.23e-003 3.54e-002f  1
   3 1.5035882e+000 5.27e+000 9.58e+001  -0.1 4.33e+001   0.0 6.87e-003 8.91e-002h  1
   4 2.0673272e+000 4.98e+000 9.30e+001  -0.1 4.36e+001  -0.5 2.34e-002 3.15e-002f  1
   5 5.6526910e+000 4.21e+000 7.96e+001  -0.1 2.01e+001  -0.1 9.65e-002 1.79e-001f  1
   6 7.8004515e+000 3.69e+000 7.01e+001  -0.1 1.69e+001  -0.5 1.97e-001 1.27e-001h  1
   7 8.9846723e+000 3.42e+000 9.08e+001  -0.1 1.58e+001  -0.1 5.99e-001 7.49e-002h  1
   8 1.0415057e+001 3.28e+000 8.36e+001  -0.1 1.90e+001    -  1.55e-001 1.16e-001h  1
   9 1.1440764e+001 3.05e+000 1.26e+002  -0.1 1.44e+001  -0.6 2.89e-001 7.13e-002h  1
iter    objective    inf_pr   inf_du lg(mu)  ||d||  lg(rg) alpha_du alpha_pr  ls
  10 1.2283289e+001 2.89e+000 1.68e+002  -0.1 1.50e+001  -1.1 1.91e-001 6.54e-002h  1
  11 1.3008227e+001 2.77e+000 2.06e+002  -0.1 1.73e+001  -0.6 1.40e-001 5.36e-002h  1
  12 1.3813376e+001 2.65e+000 2.21e+002  -0.1 1.65e+001  -0.2 1.05e-001 5.32e-002h  1
  13 1.3736744e+001 2.67e+000 1.48e+002  -0.1 9.63e+001  -0.7 3.63e-002 1.07e-002f  2
  14 1.3490945e+001 2.71e+000 1.25e+002  -0.1 2.70e+002  -1.2 9.57e-003 4.06e-003f  3
  15 1.3420842e+001 2.72e+000 1.20e+002  -0.1 6.49e+001  -0.7 2.36e-002 2.21e-002f  2
  16 1.3056569e+001 2.77e+000 1.26e+002  -0.1 2.97e+002  -1.2 2.36e-003 4.37e-003f  3
  17 1.2984891e+001 2.74e+000 1.15e+002  -0.1 4.89e+001  -0.8 6.73e-002 2.80e-002f  2
  18 1.2355647e+001 2.83e+000 1.13e+002  -0.1 2.07e+002  -1.3 6.98e-003 1.04e-002f  3
  19 1.2365112e+001 2.76e+000 1.75e+002  -0.1 3.40e+001  -0.8 3.29e-001 3.01e-002f  3
iter    objective    inf_pr   inf_du lg(mu)  ||d||  lg(rg) alpha_du alpha_pr  ls
  20 7.7363325e+000 1.61e+001 1.48e+002  -0.1 2.11e+002  -1.3 1.32e-002 7.39e-002f  2
  21 8.1135828e+000 1.54e+001 3.12e+002  -0.1 9.70e+000  -0.9 7.36e-001 4.14e-002h  1
  22 9.7670791e+000 8.88e+000 2.02e+002  -0.1 2.59e+001  -1.4 5.31e-001 4.33e-001f  1
  23 1.2687662e+001 4.59e+000 4.02e+001  -0.1 1.23e+001    -  8.96e-001 9.90e-001f  1
  24 1.1259144e+001 5.12e+000 1.16e+004  -0.1 2.01e+001    -  7.26e-001 4.69e-001f  1
  25 6.6947800e+000 7.24e+001 8.82e+002  -0.1 5.24e+001    -  9.79e-001 9.91e-001f  1
  26 1.3117381e+001 6.40e+000 8.07e-001  -0.1 6.42e+000  -1.8 1.00e+000 1.00e+000h  1
  27 1.3889804e+001 5.92e-001 1.05e-001  -0.8 1.01e+001    -  1.00e+000 1.00e+000h  1
  28 9.1602458e+000 1.28e+001 3.89e+006  -6.9 3.56e+001    -  7.50e-001 1.00e+000h  1
  29 9.7305927e+000 9.00e+000 2.70e-002  -1.6 2.02e+001    -  1.00e+000 1.00e+000h  1
iter    objective    inf_pr   inf_du lg(mu)  ||d||  lg(rg) alpha_du alpha_pr  ls
  30 1.0033269e+001 9.62e-001 3.90e-003  -1.6 1.31e+001    -  1.00e+000 1.00e+000h  1
  31 8.1819675e+000 4.31e+000 5.70e+005  -7.6 1.85e+001    -  7.97e-001 1.00e+000h  1
  32 8.7221836e+000 2.13e-001 1.27e-003  -2.3 8.02e+000    -  1.00e+000 1.00e+000h  1
  33 8.5013300e+000 4.08e-001 7.28e+004  -8.3 1.32e+001    -  8.56e-001 1.00e+000h  1
  34 8.5517632e+000 5.74e-002 5.84e-005  -4.3 7.86e+000    -  1.00e+000 1.00e+000h  1
  35 8.5523979e+000 1.21e-002 3.47e+001  -5.7 4.15e+000    -  9.92e-001 1.00e+000h  1
  36 8.5524154e+000 1.29e-003 1.45e-006  -6.5 1.35e+000    -  1.00e+000 1.00e+000h  1
  37 8.5524028e+000 1.30e-004 2.37e-002  -8.2 2.06e-001    -  9.99e-001 1.00e+000h  1
  38 8.5524016e+000 6.59e-006 1.06e-008  -8.5 3.78e-002    -  1.00e+000 1.00e+000h  1
  39 8.5524013e+000 1.75e-007 1.24e-004 -14.3 6.26e-003    -  1.00e+000 1.00e+000h  1
iter    objective    inf_pr   inf_du lg(mu)  ||d||  lg(rg) alpha_du alpha_pr  ls
  40 8.5524013e+000 1.46e-010 1.03e-013 -12.6 1.81e-004    -  1.00e+000 1.00e+000h  1
  41 8.5524013e+000 7.68e-014 8.29e-017 -14.3 1.55e-007    -  1.00e+000 1.00e+000h  1
  42 8.5524013e+000 6.48e-014 8.29e-017 -14.3 1.12e-013    -  1.00e+000 1.00e+000h  1
  43 8.5524013e+000 7.41e-014 8.29e-017 -14.3 4.45e-014    -  1.00e+000 1.00e+000h  1
  44 8.5524013e+000 6.33e-014 8.29e-017 -14.3 4.70e-014    -  1.00e+000 1.00e+000h  1
  45 8.5524013e+000 7.38e-014 8.29e-017 -14.3 4.67e-014    -  1.00e+000 1.00e+000h  1
  46 8.5524013e+000 5.68e-014 8.29e-017 -14.3 4.68e-014    -  1.00e+000 1.00e+000h  1
  47 8.5524013e+000 7.38e-014 8.29e-017 -14.3 4.67e-014    -  1.00e+000 1.00e+000h  1
  48 8.5524013e+000 6.10e-014 8.29e-017 -14.3 4.71e-014    -  1.00e+000 1.00e+000h  1
  49 8.5524013e+000 7.85e-014 8.29e-017 -14.3 4.72e-014    -  1.00e+000 1.00e+000h  1
iter    objective    inf_pr   inf_du lg(mu)  ||d||  lg(rg) alpha_du alpha_pr  ls
  50 8.5524013e+000 5.93e-014 8.29e-017 -14.3 4.66e-014    -  1.00e+000 1.00e+000h  1
  51 8.5524013e+000 7.42e-014 8.29e-017 -14.3 4.70e-014    -  1.00e+000 1.00e+000h  1
  52 8.5524013e+000 5.77e-014 8.29e-017 -14.3 4.70e-014    -  1.00e+000 1.00e+000h  1
  53 8.5524013e+000 7.41e-014 8.29e-017 -14.3 4.68e-014    -  1.00e+000 1.00e+000h  1
  54 8.5524013e+000 5.77e-014 8.29e-017 -14.3 4.73e-014    -  1.00e+000 1.00e+000h  1

Number of Iterations....: 54

                                   (scaled)                 (unscaled)
Objective...............:  8.5524013367983898e+000   8.5524013367983898e+000
Dual infeasibility......:  8.2912539050239609e-017   8.2912539050239609e-017
Constraint violation....:  5.7731597280508140e-014   5.7731597280508140e-014
Complementarity.........:  5.0000000000155745e-015   5.0000000000155745e-015
Overall NLP error.......:  5.7731597280508140e-014   5.7731597280508140e-014


Number of objective function evaluations             = 78
Number of objective gradient evaluations             = 55
Number of equality constraint evaluations            = 78
Number of inequality constraint evaluations          = 0
Number of equality constraint Jacobian evaluations   = 55
Number of inequality constraint Jacobian evaluations = 0
Number of Lagrangian Hessian evaluations             = 54
Total CPU secs in IPOPT (w/o function evaluations)   =      0.330
Total CPU secs in NLP function evaluations           =      1.014

EXIT: Solved To Acceptable Level.
